<?xml version="1.0" encoding="UTF-8"?>
<!-- Generated by org.testng.reporters.JUnitXMLReporter -->
<testsuite ignored="2" hostname="DESKTOP-FG9S1KG" failures="0" tests="0" time="0.002" errors="0" timestamp="2024-12-17T20:41:30 IST">
  <testcase classname="MyLearning.ErrorValidationsTest" name="ProductNameValidation" time="0.0">
    <ignored/>
  </testcase> <!-- ProductNameValidation -->
  <testcase classname="MyLearning.ErrorValidationsTest" name="LoginErrorValidation" time="0.0">
    <ignored/>
  </testcase> <!-- LoginErrorValidation -->
</testsuite>
