<?xml version="1.0" encoding="UTF-8"?>
<!-- Generated by org.testng.reporters.JUnitXMLReporter -->
<testsuite ignored="1" hostname="DESKTOP-FG9S1KG" failures="0" tests="2" name="Submit Order Test" time="58.865" errors="0" timestamp="2024-12-17T20:41:30 IST">
  <testcase classname="MyLearning.SubmitOrderTest" name="SubmitOrder" time="20.449"/>
  <testcase classname="MyLearning.SubmitOrderTest" name="SubmitOrder" time="16.368"/>
  <testcase classname="MyLearning.SubmitOrderTest" name="verifyorder" time="0.0">
    <ignored/>
  </testcase> <!-- verifyorder -->
</testsuite> <!-- Submit Order Test -->
