<?xml version="1.0" encoding="UTF-8"?>
<testng-results ignored="3" total="5" passed="2" failed="0" skipped="0">
  <reporter-output>
  </reporter-output>
  <suite started-at="2024-12-17T20:40:31 IST" name="Suite" finished-at="2024-12-17T20:41:30 IST" duration-ms="59256">
    <groups>
      <group name="purchase">
        <method signature="SubmitOrderTest.SubmitOrder(java.util.HashMap)[pri:0, instance:MyLearning.SubmitOrderTest@1e461e41]" name="SubmitOrder" class="MyLearning.SubmitOrderTest"/>
      </group> <!-- purchase -->
    </groups>
    <test started-at="2024-12-17T20:40:31 IST" name="Submit Order Test" finished-at="2024-12-17T20:41:30 IST" duration-ms="58865">
      <class name="MyLearning.SubmitOrderTest">
        <test-method is-config="true" signature="launchPage()[pri:0, instance:MyLearning.SubmitOrderTest@1e461e41]" started-at="2024-12-17T20:40:31 IST" name="launchPage" finished-at="2024-12-17T20:40:44 IST" duration-ms="12804" status="PASS">
          <reporter-output>
          </reporter-output>
        </test-method> <!-- launchPage -->
        <test-method signature="SubmitOrder(java.util.HashMap)[pri:0, instance:MyLearning.SubmitOrderTest@1e461e41]" started-at="2024-12-17T20:40:44 IST" name="SubmitOrder" data-provider="getdata" finished-at="2024-12-17T20:41:05 IST" duration-ms="20449" status="PASS">
          <params>
            <param index="0">
              <value>
                <![CDATA[{productname=IPHONE 13 PRO, password=Test@123, email=venkytest@gmail.com}]]>
              </value>
            </param>
          </params>
          <reporter-output>
          </reporter-output>
        </test-method> <!-- SubmitOrder -->
        <test-method is-config="true" signature="tearup()[pri:0, instance:MyLearning.SubmitOrderTest@1e461e41]" started-at="2024-12-17T20:41:05 IST" name="tearup" finished-at="2024-12-17T20:41:05 IST" duration-ms="142" status="PASS">
          <reporter-output>
          </reporter-output>
        </test-method> <!-- tearup -->
        <test-method is-config="true" signature="launchPage()[pri:0, instance:MyLearning.SubmitOrderTest@1e461e41]" started-at="2024-12-17T20:41:05 IST" name="launchPage" finished-at="2024-12-17T20:41:13 IST" duration-ms="8658" status="PASS">
          <reporter-output>
          </reporter-output>
        </test-method> <!-- launchPage -->
        <test-method signature="SubmitOrder(java.util.HashMap)[pri:0, instance:MyLearning.SubmitOrderTest@1e461e41]" started-at="2024-12-17T20:41:13 IST" name="SubmitOrder" data-provider="getdata" finished-at="2024-12-17T20:41:30 IST" duration-ms="16368" status="PASS">
          <params>
            <param index="0">
              <value>
                <![CDATA[{productname=ADIDAS ORIGINAL, password=Test@1617, email=venky123@gmail.com}]]>
              </value>
            </param>
          </params>
          <reporter-output>
          </reporter-output>
        </test-method> <!-- SubmitOrder -->
        <test-method is-config="true" signature="tearup()[pri:0, instance:MyLearning.SubmitOrderTest@1e461e41]" started-at="2024-12-17T20:41:30 IST" name="tearup" finished-at="2024-12-17T20:41:30 IST" duration-ms="122" status="PASS">
          <reporter-output>
          </reporter-output>
        </test-method> <!-- tearup -->
      </class> <!-- MyLearning.SubmitOrderTest -->
    </test> <!-- Submit Order Test -->
    <test started-at="2024-12-17T20:41:30 IST" name="Error Validations Test" finished-at="2024-12-17T20:41:30 IST" duration-ms="2">
    </test> <!-- Error Validations Test -->
  </suite> <!-- Suite -->
</testng-results>
